<?xml version="1.0" encoding="UTF-8"?>
<!-- Generated by org.testng.reporters.JUnitXMLReporter -->
<testsuite hostname="DESKTOP-JVC3DQI" ignored="28" name="Default test" tests="1" failures="0" timestamp="23 Jul 2018 10:30:26 GMT" time="59.281" errors="0">
  <testcase name="Upload_report_without_tags_and_view_the_publish_report_and_verify_error_msg_Test" time="40.93" classname="com.testcases.AnalysePageTest"/>
  <testcase name="Questionnaire_selection_Test" time="0.0" classname="com.testcases.AnalysePageTest">
    <ignored/>
  </testcase> <!-- Questionnaire_selection_Test -->
  <testcase name="Download_report_in_CSV_and_Excel_formats_Test" time="0.0" classname="com.testcases.AnalysePageTest">
    <ignored/>
  </testcase> <!-- Download_report_in_CSV_and_Excel_formats_Test -->
  <testcase name="LineChart_Design_Report_Test" time="0.0" classname="com.testcases.AnalysePageTest">
    <ignored/>
  </testcase> <!-- LineChart_Design_Report_Test -->
  <testcase name="ScatterChart_Design_Report_Test" time="0.0" classname="com.testcases.AnalysePageTest">
    <ignored/>
  </testcase> <!-- ScatterChart_Design_Report_Test -->
  <testcase name="View_and_Download_published_report_Test" time="0.0" classname="com.testcases.AnalysePageTest">
    <ignored/>
  </testcase> <!-- View_and_Download_published_report_Test -->
  <testcase name="Delete_report_Test" time="0.0" classname="com.testcases.AnalysePageTest">
    <ignored/>
  </testcase> <!-- Delete_report_Test -->
  <testcase name="Delete_columns_Test" time="0.0" classname="com.testcases.AnalysePageTest">
    <ignored/>
  </testcase> <!-- Delete_columns_Test -->
  <testcase name="WaterFallChart_Design_Report_Test" time="0.0" classname="com.testcases.AnalysePageTest">
    <ignored/>
  </testcase> <!-- WaterFallChart_Design_Report_Test -->
  <testcase name="Share_Report_option_Test" time="0.0" classname="com.testcases.AnalysePageTest">
    <ignored/>
  </testcase> <!-- Share_Report_option_Test -->
  <testcase name="BubbleChart_Design_Report_Test" time="0.0" classname="com.testcases.AnalysePageTest">
    <ignored/>
  </testcase> <!-- BubbleChart_Design_Report_Test -->
  <testcase name="Add_all_and_Remove_all_columns_Test" time="0.0" classname="com.testcases.AnalysePageTest">
    <ignored/>
  </testcase> <!-- Add_all_and_Remove_all_columns_Test -->
  <testcase name="Sort_by_Group_report_Test" time="0.0" classname="com.testcases.AnalysePageTest">
    <ignored/>
  </testcase> <!-- Sort_by_Group_report_Test -->
  <testcase name="Filter_Option_Test" time="0.0" classname="com.testcases.AnalysePageTest">
    <ignored/>
  </testcase> <!-- Filter_Option_Test -->
  <testcase name="Copy_report_Test" time="0.0" classname="com.testcases.AnalysePageTest">
    <ignored/>
  </testcase> <!-- Copy_report_Test -->
  <testcase name="Swaping_columns_Test" time="0.0" classname="com.testcases.AnalysePageTest">
    <ignored/>
  </testcase> <!-- Swaping_columns_Test -->
  <testcase name="View_published_report_without_template_Test" time="0.0" classname="com.testcases.AnalysePageTest">
    <ignored/>
  </testcase> <!-- View_published_report_without_template_Test -->
  <testcase name="PieChart_Design_Report_Test" time="0.0" classname="com.testcases.AnalysePageTest">
    <ignored/>
  </testcase> <!-- PieChart_Design_Report_Test -->
  <testcase name="Create_Publish_Report_Test" time="0.0" classname="com.testcases.AnalysePageTest">
    <ignored/>
  </testcase> <!-- Create_Publish_Report_Test -->
  <testcase name="Summary_Design_Report_Test" time="0.0" classname="com.testcases.AnalysePageTest">
    <ignored/>
  </testcase> <!-- Summary_Design_Report_Test -->
  <testcase name="Total_of_the_selected_field_report_Test" time="0.0" classname="com.testcases.AnalysePageTest">
    <ignored/>
  </testcase> <!-- Total_of_the_selected_field_report_Test -->
  <testcase name="Adding_selected_fileds_to_report_Test" time="0.0" classname="com.testcases.AnalysePageTest">
    <ignored/>
  </testcase> <!-- Adding_selected_fileds_to_report_Test -->
  <testcase name="RoseChart_Design_Report_Test" time="0.0" classname="com.testcases.AnalysePageTest">
    <ignored/>
  </testcase> <!-- RoseChart_Design_Report_Test -->
  <testcase name="BoxPlotChart_Design_Report_Test" time="0.0" classname="com.testcases.AnalysePageTest">
    <ignored/>
  </testcase> <!-- BoxPlotChart_Design_Report_Test -->
  <testcase name="AnalysePage_Test" time="0.0" classname="com.testcases.AnalysePageTest">
    <ignored/>
  </testcase> <!-- AnalysePage_Test -->
  <testcase name="BarChart_Design_Report_Test" time="0.0" classname="com.testcases.AnalysePageTest">
    <ignored/>
  </testcase> <!-- BarChart_Design_Report_Test -->
  <testcase name="Create_report_Test" time="0.0" classname="com.testcases.AnalysePageTest">
    <ignored/>
  </testcase> <!-- Create_report_Test -->
  <testcase name="Drop_sort_field_Ascending_and_Descending_Order_Test" time="0.0" classname="com.testcases.AnalysePageTest">
    <ignored/>
  </testcase> <!-- Drop_sort_field_Ascending_and_Descending_Order_Test -->
  <testcase name="SpiderChart_Design_Report_Test" time="0.0" classname="com.testcases.AnalysePageTest">
    <ignored/>
  </testcase> <!-- SpiderChart_Design_Report_Test -->
</testsuite> <!-- Default test -->
